<?xml version="1.0" encoding="UTF-8"?>
<!-- Generated by org.testng.reporters.JUnitReportReporter -->
<testsuite hostname="DESKTOP-RJ7JUU8" failures="0" tests="3" name="Testng_Prog.Sample2" time="0.017" errors="0" timestamp="2022-08-22T23:12:49 IST" skipped="0">
  <testcase classname="Testng_Prog.Sample2" name="TC4" time="0.004"/>
  <system-out>
    <![CDATA[Running TC4]]>
  </system-out>
  <testcase classname="Testng_Prog.Sample2" name="TC5" time="0.005"/>
  <system-out>
    <![CDATA[Running TC5]]>
  </system-out>
  <testcase classname="Testng_Prog.Sample2" name="TC6" time="0.008"/>
  <system-out>
    <![CDATA[Running TC6]]>
  </system-out>
</testsuite> <!-- Testng_Prog.Sample2 -->
