<?xml version="1.0" encoding="UTF-8"?>
<!-- Generated by org.testng.reporters.JUnitReportReporter -->
<testsuite hostname="DESKTOP-RJ7JUU8" failures="0" tests="1" name="Testng_Prog.Annotation" time="0.020" errors="0" timestamp="2022-08-19T16:58:25 IST" skipped="0">
  <testcase classname="Testng_Prog.Annotation" name="Verify" time="0.020"/>
  <system-out>
    <![CDATA[verify userId]]>
  </system-out>
</testsuite> <!-- Testng_Prog.Annotation -->
