<?xml version="1.0" encoding="UTF-8"?>
<!-- Generated by org.testng.reporters.JUnitReportReporter -->
<testsuite hostname="DESKTOP-RJ7JUU8" failures="0" tests="2" name="Testng_Prog.Disable_TC_Using_Suite" time="0.022" errors="0" timestamp="2022-08-22T23:25:29 IST" skipped="1">
  <testcase classname="Testng_Prog.Disable_TC_Using_Suite" name="TC3" time="0.022"/>
  <system-out>
    <![CDATA[Running TC3]]>
  </system-out>
  <testcase classname="Testng_Prog.Disable_TC_Using_Suite" name="TC2">
    <skipped/>
  </testcase> <!-- TC2 -->
  <system-out/>
</testsuite> <!-- Testng_Prog.Disable_TC_Using_Suite -->
