<?xml version="1.0" encoding="UTF-8"?>
<!-- Generated by org.testng.reporters.JUnitReportReporter -->
<testsuite hostname="DESKTOP-RJ7JUU8" failures="0" tests="1" name="Testng_Prog.sample" time="0.017" errors="0" timestamp="2022-08-22T22:51:50 IST" skipped="0">
  <testcase classname="Testng_Prog.sample" name="emailable" time="0.017"/>
  <system-out>
    <![CDATA[hii]]>
  </system-out>
</testsuite> <!-- Testng_Prog.sample -->
