<?xml version="1.0" encoding="UTF-8"?>
<!-- Generated by org.testng.reporters.JUnitReportReporter -->
<testsuite hostname="DESKTOP-RJ7JUU8" failures="0" tests="1" name="ParallelTesting.B" time="50.905" errors="0" timestamp="2022-08-22T23:31:40 IST" skipped="0">
  <testcase classname="ParallelTesting.B" name="TC2" time="50.905"/>
  <system-out/>
</testsuite> <!-- ParallelTesting.B -->
