<?xml version="1.0" encoding="UTF-8"?>
<!-- Generated by org.testng.reporters.JUnitReportReporter -->
<testsuite hostname="DESKTOP-RJ7JUU8" failures="0" tests="3" name="Testng_Prog.Sample1" time="0.031" errors="0" timestamp="2022-08-22T23:12:49 IST" skipped="0">
  <testcase classname="Testng_Prog.Sample1" name="TC1" time="0.022"/>
  <system-out>
    <![CDATA[Running TC1]]>
  </system-out>
  <testcase classname="Testng_Prog.Sample1" name="TC2" time="0.003"/>
  <system-out>
    <![CDATA[Running TC2]]>
  </system-out>
  <testcase classname="Testng_Prog.Sample1" name="TC3" time="0.006"/>
  <system-out>
    <![CDATA[Running TC3]]>
  </system-out>
</testsuite> <!-- Testng_Prog.Sample1 -->
