<?xml version="1.0" encoding="UTF-8"?>
<!-- Generated by org.testng.reporters.JUnitReportReporter -->
<testsuite hostname="DESKTOP-RJ7JUU8" failures="0" tests="1" name="ParallelTesting.A" time="47.155" errors="0" timestamp="2022-08-22T23:31:40 IST" skipped="0">
  <testcase classname="ParallelTesting.A" name="TC1" time="47.155"/>
  <system-out/>
</testsuite> <!-- ParallelTesting.A -->
