<?xml version="1.0" encoding="UTF-8"?>
<!-- Generated by org.testng.reporters.JUnitReportReporter -->
<testsuite hostname="DESKTOP-RJ7JUU8" failures="0" tests="3" name="Testng_Prog.Sample3" time="0.011" errors="0" timestamp="2022-08-22T23:12:49 IST" skipped="0">
  <testcase classname="Testng_Prog.Sample3" name="TC9" time="0.006"/>
  <system-out>
    <![CDATA[Running TC]]>
  </system-out>
  <testcase classname="Testng_Prog.Sample3" name="TC7" time="0.003"/>
  <system-out>
    <![CDATA[Running TC]]>
  </system-out>
  <testcase classname="Testng_Prog.Sample3" name="TC8" time="0.002"/>
  <system-out>
    <![CDATA[Running TC]]>
  </system-out>
</testsuite> <!-- Testng_Prog.Sample3 -->
