<?xml version="1.0" encoding="UTF-8"?>
<!-- Generated by org.testng.reporters.JUnitReportReporter -->
<testsuite hostname="DESKTOP-RJ7JUU8" failures="0" tests="3" name="Testng_Prog.Invocation_1" time="0.028" errors="0" timestamp="2022-08-17T23:00:23 IST" skipped="1">
  <testcase classname="Testng_Prog.Invocation_1" name="IC1" time="0.022"/>
  <system-out>
    <![CDATA[Running Priority 1]]>
  </system-out>
  <testcase classname="Testng_Prog.Invocation_1" name="TC" time="0.006"/>
  <system-out>
    <![CDATA[Running TC]]>
  </system-out>
  <testcase classname="Testng_Prog.Invocation_1" name="IC">
    <skipped/>
  </testcase> <!-- IC -->
  <system-out/>
</testsuite> <!-- Testng_Prog.Invocation_1 -->
