<?xml version="1.0" encoding="UTF-8"?>
<!-- Generated by org.testng.reporters.JUnitReportReporter -->
<testsuite hostname="DESKTOP-RJ7JUU8" failures="0" tests="2" name="MultiBrowserTesting.Sample" time="101.514" errors="0" timestamp="2022-08-22T23:42:09 IST" skipped="0">
  <testcase classname="MultiBrowserTesting.Sample" name="TC1" time="69.310"/>
  <system-out/>
  <testcase classname="MultiBrowserTesting.Sample" name="TC1" time="32.204"/>
  <system-out/>
</testsuite> <!-- MultiBrowserTesting.Sample -->
